3	3	3	2.65	0.0486	0.2206	1629.2768
3	3	4	2.83	0.0485	0.2203	1627.4821
3	3	5	2.78	0.0485	0.2202	1626.7353
3	3	6	2.71	0.0485	0.2201	1626.1756
3	3	7	2.92	0.0484	0.2201	1625.8308
3	3	8	2.93	0.0484	0.2201	1625.5251
3	3	9	2.68	0.0484	0.2200	1625.3578
3	3	10	2.70	0.0484	0.2200	1625.3578
3	3	11	2.59	0.0484	0.2200	1625.3578
3	3	12	2.92	0.0484	0.2200	1625.3578
3	4	3	2.95	0.0480	0.2191	1618.7884
3	4	4	2.85	0.0479	0.2188	1616.4091
3	4	5	2.55	0.0478	0.2187	1615.6189
3	4	6	2.85	0.0478	0.2186	1614.9428
3	4	7	2.86	0.0478	0.2186	1614.4607
3	4	8	2.83	0.0477	0.2185	1614.0815
3	4	9	2.61	0.0477	0.2185	1613.7807
3	4	10	2.67	0.0477	0.2184	1613.5492
3	4	11	2.66	0.0477	0.2184	1613.4187
3	4	12	2.88	0.0477	0.2184	1613.3085
3	5	3	2.94	0.0477	0.2184	1613.1381
3	5	4	2.57	0.0474	0.2178	1608.8296
3	5	5	2.67	0.0474	0.2176	1607.5214
3	5	6	2.65	0.0473	0.2175	1606.6997
3	5	7	2.56	0.0473	0.2174	1606.0622
3	5	8	2.70	0.0472	0.2174	1605.6662
3	5	9	2.91	0.0472	0.2173	1605.3029
3	5	10	2.71	0.0472	0.2173	1605.0121
3	5	11	2.89	0.0472	0.2172	1604.7771
3	5	12	2.84	0.0472	0.2172	1604.5691
3	6	3	2.81	0.0475	0.2179	1609.5143
3	6	4	2.80	0.0472	0.2172	1604.7897
3	6	5	2.80	0.0471	0.2170	1603.1064
3	6	6	2.62	0.0470	0.2169	1602.0786
3	6	7	2.92	0.0470	0.2168	1601.4386
3	6	8	2.83	0.0470	0.2167	1601.0040
3	6	9	2.74	0.0470	0.2167	1600.6213
3	6	10	2.89	0.0469	0.2166	1600.2575
3	6	11	2.84	0.0469	0.2166	1599.9830
3	6	12	2.86	0.0469	0.2166	1599.7670
3	7	3	2.89	0.0473	0.2175	1606.4010
3	7	4	2.93	0.0470	0.2168	1601.6494
3	7	5	2.82	0.0469	0.2166	1599.8343
3	7	6	2.87	0.0468	0.2164	1598.7424
3	7	7	2.70	0.0468	0.2163	1598.0985
3	7	8	2.88	0.0468	0.2163	1597.5827
3	7	9	2.88	0.0467	0.2162	1597.1191
3	7	10	2.89	0.0467	0.2162	1596.7170
3	7	11	2.66	0.0467	0.2161	1596.3682
3	7	12	3.07	0.0467	0.2161	1596.1317
3	8	3	2.64	0.0472	0.2173	1605.0254
3	8	4	2.64	0.0469	0.2165	1599.4992
3	8	5	2.69	0.0468	0.2163	1597.5861
3	8	6	2.59	0.0467	0.2161	1596.4878
3	8	7	2.60	0.0467	0.2160	1595.8357
3	8	8	2.76	0.0466	0.2159	1595.1242
3	8	9	2.80	0.0466	0.2159	1594.6132
3	8	10	2.81	0.0466	0.2158	1594.1691
3	8	11	2.89	0.0465	0.2158	1593.7565
3	8	12	2.71	0.0465	0.2157	1593.3924
3	9	3	2.82	0.0472	0.2172	1604.3498
3	9	4	2.80	0.0468	0.2164	1598.4882
3	9	5	2.85	0.0467	0.2161	1596.3412
3	9	6	2.81	0.0466	0.2159	1594.9353
3	9	7	2.65	0.0466	0.2158	1594.1332
3	9	8	2.87	0.0465	0.2157	1593.4136
3	9	9	2.93	0.0465	0.2156	1592.8905
3	9	10	2.73	0.0465	0.2156	1592.3678
3	9	11	2.67	0.0464	0.2155	1591.9285
3	9	12	2.92	0.0464	0.2154	1591.5046
3	10	3	2.86	0.0472	0.2172	1604.3497
3	10	4	2.82	0.0468	0.2163	1597.6084
3	10	5	2.96	0.0466	0.2160	1595.4360
3	10	6	2.84	0.0466	0.2158	1593.9920
3	10	7	2.76	0.0465	0.2157	1593.1038
3	10	8	2.88	0.0465	0.2156	1592.3131
3	10	9	2.71	0.0464	0.2155	1591.7412
3	10	10	2.69	0.0464	0.2154	1591.1959
3	10	11	2.89	0.0464	0.2153	1590.7039
3	10	12	2.72	0.0463	0.2153	1590.2574
3	11	3	2.73	0.0472	0.2172	1604.3496
3	11	4	2.78	0.0468	0.2162	1597.2863
3	11	5	2.83	0.0466	0.2159	1594.5522
3	11	6	2.77	0.0465	0.2157	1593.0373
3	11	7	2.83	0.0465	0.2155	1592.1541
3	11	8	2.72	0.0464	0.2154	1591.3502
3	11	9	2.67	0.0464	0.2153	1590.7700
3	11	10	2.84	0.0463	0.2153	1590.1911
3	11	11	2.85	0.0463	0.2152	1589.6592
3	11	12	2.90	0.0463	0.2151	1589.2134
3	12	3	2.62	0.0472	0.2172	1604.3495
3	12	4	2.66	0.0467	0.2162	1597.0642
3	12	5	2.70	0.0466	0.2158	1594.1605
3	12	6	2.75	0.0465	0.2156	1592.5426
3	12	7	2.88	0.0464	0.2154	1591.4370
3	12	8	2.90	0.0464	0.2153	1590.6183
3	12	9	2.84	0.0463	0.2153	1590.0411
3	12	10	2.91	0.0463	0.2152	1589.4718
3	12	11	2.74	0.0463	0.2151	1588.8884
3	12	12	2.74	0.0462	0.2150	1588.3797
4	3	3	2.72	0.0483	0.2198	1623.3336
4	3	4	2.83	0.0481	0.2193	1620.2621
4	3	5	2.82	0.0480	0.2192	1619.1494
4	3	6	2.61	0.0480	0.2191	1618.4450
4	3	7	2.82	0.0480	0.2190	1618.0939
4	3	8	2.82	0.0480	0.2190	1617.7473
4	3	9	2.63	0.0479	0.2190	1617.4407
4	3	10	2.83	0.0479	0.2189	1617.2927
4	3	11	2.60	0.0479	0.2189	1617.1684
4	3	12	2.72	0.0479	0.2189	1617.0882
4	4	3	2.63	0.0474	0.2176	1607.4635
4	4	4	2.89	0.0472	0.2173	1605.0179
4	4	5	2.67	0.0471	0.2171	1603.6054
4	4	6	2.84	0.0471	0.2170	1602.8636
4	4	7	2.90	0.0471	0.2169	1602.3564
4	4	8	2.57	0.0470	0.2168	1601.8243
4	4	9	2.91	0.0470	0.2168	1601.4738
4	4	10	2.72	0.0470	0.2168	1601.1963
4	4	11	2.68	0.0470	0.2167	1600.9800
4	4	12	2.73	0.0470	0.2167	1600.8092
4	5	3	2.59	0.0469	0.2165	1599.2776
4	5	4	2.88	0.0466	0.2158	1594.3448
4	5	5	2.89	0.0465	0.2157	1592.9921
4	5	6	2.80	0.0465	0.2155	1592.1234
4	5	7	2.82	0.0464	0.2154	1591.4070
4	5	8	2.71	0.0464	0.2154	1590.8817
4	5	9	2.93	0.0464	0.2153	1590.4840
4	5	10	2.90	0.0463	0.2153	1590.1173
4	5	11	2.60	0.0463	0.2152	1589.8160
4	5	12	2.80	0.0463	0.2152	1589.5515
4	6	3	2.70	0.0466	0.2159	1595.0816
4	6	4	2.96	0.0463	0.2153	1590.2400
4	6	5	2.78	0.0462	0.2150	1588.1384
4	6	6	2.85	0.0462	0.2149	1587.1535
4	6	7	2.72	0.0461	0.2147	1586.3267
4	6	8	2.71	0.0461	0.2147	1585.8622
4	6	9	2.68	0.0461	0.2146	1585.3983
4	6	10	2.83	0.0460	0.2146	1584.9971
4	6	11	2.94	0.0460	0.2145	1584.6453
4	6	12	2.72	0.0460	0.2145	1584.3166
4	7	3	2.61	0.0464	0.2155	1591.6466
4	7	4	2.82	0.0461	0.2147	1586.1788
4	7	5	2.94	0.0460	0.2144	1584.0186
4	7	6	2.59	0.0459	0.2143	1582.9379
4	7	7	2.88	0.0459	0.2142	1582.0968
4	7	8	2.87	0.0458	0.2141	1581.5311
4	7	9	2.88	0.0458	0.2140	1581.0623
4	7	10	2.74	0.0458	0.2140	1580.6000
4	7	11	2.72	0.0458	0.2139	1580.2290
4	7	12	2.84	0.0457	0.2139	1579.8879
4	8	3	2.71	0.0463	0.2151	1588.9209
4	8	4	2.86	0.0459	0.2142	1582.5817
4	8	5	2.55	0.0458	0.2140	1580.6753
4	8	6	2.58	0.0457	0.2138	1579.4786
4	8	7	2.84	0.0457	0.2137	1578.5880
4	8	8	2.85	0.0456	0.2136	1577.9267
4	8	9	2.88	0.0456	0.2135	1577.4140
4	8	10	2.52	0.0456	0.2135	1576.8748
4	8	11	2.90	0.0455	0.2134	1576.4492
4	8	12	2.86	0.0455	0.2134	1576.0852
4	9	3	2.69	0.0461	0.2148	1586.5002
4	9	4	2.61	0.0458	0.2139	1580.0375
4	9	5	2.86	0.0456	0.2136	1577.9282
4	9	6	2.89	0.0455	0.2134	1576.5461
4	9	7	2.86	0.0455	0.2133	1575.6863
4	9	8	2.64	0.0455	0.2132	1574.8568
4	9	9	2.72	0.0454	0.2131	1574.3167
4	9	10	2.89	0.0454	0.2130	1573.7564
4	9	11	2.61	0.0454	0.2130	1573.2638
4	9	12	2.85	0.0453	0.2129	1572.8406
4	10	3	2.83	0.0460	0.2146	1585.0004
4	10	4	2.82	0.0457	0.2137	1578.5237
4	10	5	2.67	0.0455	0.2134	1576.4011
4	10	6	2.87	0.0454	0.2132	1574.7186
4	10	7	2.94	0.0454	0.2130	1573.7490
4	10	8	2.90	0.0453	0.2129	1572.9155
4	10	9	2.65	0.0453	0.2128	1572.1936
4	10	10	2.88	0.0453	0.2128	1571.6490
4	10	11	2.80	0.0452	0.2127	1571.0321
4	10	12	2.94	0.0452	0.2126	1570.5382
4	11	3	2.81	0.0460	0.2144	1583.9670
4	11	4	2.71	0.0456	0.2135	1577.2423
4	11	5	2.77	0.0455	0.2132	1574.9411
4	11	6	2.73	0.0454	0.2130	1573.2735
4	11	7	2.65	0.0453	0.2128	1572.3019
4	11	8	2.83	0.0453	0.2127	1571.4636
4	11	9	2.95	0.0452	0.2126	1570.6991
4	11	10	2.71	0.0452	0.2126	1570.1097
4	11	11	2.94	0.0451	0.2125	1569.4697
4	11	12	2.88	0.0451	0.2124	1568.9805
4	12	3	2.58	0.0459	0.2144	1583.4361
4	12	4	2.74	0.0455	0.2134	1576.3955
4	12	5	2.95	0.0454	0.2131	1574.0026
4	12	6	2.95	0.0453	0.2128	1572.2629
4	12	7	2.72	0.0452	0.2127	1571.0362
4	12	8	2.79	0.0452	0.2126	1570.1204
4	12	9	2.60	0.0451	0.2124	1569.3289
4	12	10	2.87	0.0451	0.2124	1568.6634
4	12	11	2.85	0.0451	0.2123	1568.0010
4	12	12	2.84	0.0450	0.2122	1567.4435
5	3	3	2.80	0.0481	0.2193	1619.9172
5	3	4	2.76	0.0479	0.2188	1616.4962
5	3	5	2.63	0.0478	0.2185	1614.3850
5	3	6	2.84	0.0477	0.2184	1613.6599
5	3	7	2.72	0.0477	0.2184	1613.1203
5	3	8	2.65	0.0477	0.2183	1612.7369
5	3	9	2.88	0.0476	0.2183	1612.3865
5	3	10	2.84	0.0476	0.2182	1612.1259
5	3	11	2.91	0.0476	0.2182	1611.9683
5	3	12	2.71	0.0476	0.2182	1611.8371
5	4	3	2.61	0.0470	0.2169	1601.9270
5	4	4	2.80	0.0468	0.2164	1598.4263
5	4	5	2.60	0.0467	0.2162	1596.8338
5	4	6	2.87	0.0467	0.2161	1596.0487
5	4	7	2.89	0.0466	0.2160	1595.4652
5	4	8	2.88	0.0466	0.2159	1594.9446
5	4	9	2.84	0.0466	0.2159	1594.5783
5	4	10	2.53	0.0466	0.2158	1594.2794
5	4	11	2.73	0.0466	0.2158	1594.0203
5	4	12	2.86	0.0466	0.2158	1593.7851
5	5	3	2.62	0.0463	0.2151	1588.8506
5	5	4	2.96	0.0460	0.2144	1583.8484
5	5	5	2.87	0.0459	0.2142	1581.9972
5	5	6	2.58	0.0458	0.2140	1581.0381
5	5	7	2.79	0.0458	0.2139	1580.1411
5	5	8	2.83	0.0457	0.2138	1579.5719
5	5	9	2.70	0.0457	0.2138	1579.2013
5	5	10	2.89	0.0457	0.2137	1578.8164
5	5	11	2.85	0.0457	0.2137	1578.4883
5	5	12	2.80	0.0456	0.2137	1578.2243
5	6	3	2.81	0.0458	0.2141	1581.2336
5	6	4	2.57	0.0455	0.2133	1575.8401
5	6	5	2.71	0.0454	0.2130	1573.7593
5	6	6	2.86	0.0453	0.2129	1572.6556
5	6	7	2.84	0.0453	0.2128	1571.6681
5	6	8	2.72	0.0452	0.2127	1571.0608
5	6	9	2.75	0.0452	0.2126	1570.5844
5	6	10	2.84	0.0452	0.2126	1570.1278
5	6	11	2.79	0.0452	0.2125	1569.7104
5	6	12	2.75	0.0451	0.2125	1569.3737
5	7	3	2.80	0.0455	0.2132	1575.1977
5	7	4	2.89	0.0452	0.2125	1569.6482
5	7	5	2.80	0.0450	0.2122	1567.4992
5	7	6	2.70	0.0450	0.2120	1566.3222
5	7	7	2.67	0.0449	0.2119	1565.2751
5	7	8	2.87	0.0449	0.2118	1564.6791
5	7	9	2.74	0.0448	0.2117	1564.0851
5	7	10	2.71	0.0448	0.2117	1563.6330
5	7	11	2.86	0.0448	0.2116	1563.1655
5	7	12	2.82	0.0448	0.2116	1562.7114
5	8	3	2.71	0.0453	0.2128	1571.9938
5	8	4	2.78	0.0449	0.2120	1565.8539
5	8	5	2.85	0.0448	0.2116	1563.4153
5	8	6	2.68	0.0447	0.2115	1562.1265
5	8	7	2.83	0.0447	0.2113	1561.0402
5	8	8	2.93	0.0446	0.2112	1560.3541
5	8	9	2.75	0.0446	0.2111	1559.7390
5	8	10	2.85	0.0445	0.2111	1559.1444
5	8	11	2.85	0.0445	0.2110	1558.6248
5	8	12	2.83	0.0445	0.2109	1558.1532
5	9	3	2.87	0.0451	0.2124	1569.1046
5	9	4	2.70	0.0448	0.2116	1562.8437
5	9	5	2.81	0.0446	0.2112	1560.3661
5	9	6	2.93	0.0445	0.2110	1559.0004
5	9	7	2.71	0.0445	0.2109	1557.8470
5	9	8	2.81	0.0444	0.2108	1557.0902
5	9	9	2.74	0.0444	0.2107	1556.3489
5	9	10	2.63	0.0444	0.2106	1555.7140
5	9	11	2.80	0.0443	0.2105	1555.1808
5	9	12	2.82	0.0443	0.2105	1554.7102
5	10	3	2.81	0.0450	0.2122	1567.3550
5	10	4	2.72	0.0446	0.2113	1560.5154
5	10	5	2.89	0.0445	0.2109	1557.7823
5	10	6	2.76	0.0444	0.2107	1556.3484
5	10	7	2.69	0.0443	0.2105	1555.1566
5	10	8	2.74	0.0443	0.2104	1554.2844
5	10	9	2.89	0.0442	0.2103	1553.5076
5	10	10	2.91	0.0442	0.2102	1552.8438
5	10	11	2.76	0.0442	0.2101	1552.3047
5	10	12	2.88	0.0441	0.2101	1551.8115
5	11	3	2.87	0.0450	0.2120	1566.2460
5	11	4	2.89	0.0446	0.2111	1559.2562
5	11	5	2.66	0.0444	0.2107	1556.3358
5	11	6	2.93	0.0443	0.2105	1554.5806
5	11	7	2.88	0.0442	0.2103	1553.3312
5	11	8	2.67	0.0442	0.2102	1552.4230
5	11	9	2.82	0.0441	0.2100	1551.5428
5	11	10	2.76	0.0441	0.2099	1550.7667
5	11	11	2.71	0.0440	0.2098	1550.0932
5	11	12	2.89	0.0440	0.2098	1549.5562
5	12	3	2.86	0.0449	0.2119	1565.3951
5	12	4	2.94	0.0445	0.2109	1558.1629
5	12	5	2.63	0.0443	0.2105	1555.1249
5	12	6	2.90	0.0442	0.2103	1553.3048
5	12	7	2.96	0.0441	0.2101	1552.0136
5	12	8	2.79	0.0441	0.2100	1551.0791
5	12	9	2.89	0.0440	0.2099	1550.1836
5	12	10	2.78	0.0440	0.2097	1549.3514
5	12	11	2.95	0.0440	0.2097	1548.6661
5	12	12	2.84	0.0439	0.2096	1548.0409
6	3	3	2.87	0.0479	0.2189	1617.0569
6	3	4	2.71	0.0477	0.2184	1613.5864
6	3	5	2.64	0.0476	0.2182	1611.4555
6	3	6	2.89	0.0475	0.2180	1610.6958
6	3	7	2.92	0.0475	0.2180	1610.1195
6	3	8	2.60	0.0475	0.2179	1609.7282
6	3	9	2.78	0.0475	0.2179	1609.3446
6	3	10	2.94	0.0474	0.2178	1609.0818
6	3	11	2.89	0.0474	0.2178	1608.8821
6	3	12	2.91	0.0474	0.2178	1608.7283
6	4	3	2.76	0.0468	0.2164	1598.1583
6	4	4	2.78	0.0466	0.2158	1594.3921
6	4	5	2.89	0.0464	0.2155	1591.9454
6	4	6	2.92	0.0464	0.2154	1591.0986
6	4	7	2.92	0.0464	0.2153	1590.3828
6	4	8	2.80	0.0463	0.2152	1589.8520
6	4	9	2.93	0.0463	0.2152	1589.3980
6	4	10	2.88	0.0463	0.2151	1589.0689
6	4	11	2.87	0.0463	0.2151	1588.7665
6	4	12	2.90	0.0462	0.2150	1588.5296
6	5	3	2.94	0.0459	0.2142	1582.5261
6	5	4	2.80	0.0456	0.2135	1577.2946
6	5	5	2.89	0.0455	0.2133	1575.3292
6	5	6	2.96	0.0454	0.2131	1574.3149
6	5	7	2.90	0.0454	0.2130	1573.4793
6	5	8	2.95	0.0453	0.2129	1572.7627
6	5	9	2.97	0.0453	0.2128	1572.2922
6	5	10	2.81	0.0453	0.2128	1571.9263
6	5	11	2.75	0.0453	0.2128	1571.5727
6	5	12	2.93	0.0452	0.2127	1571.3055
6	6	3	2.77	0.0454	0.2130	1573.1836
6	6	4	2.96	0.0450	0.2122	1567.4938
6	6	5	2.94	0.0449	0.2119	1565.2864
6	6	6	2.93	0.0448	0.2118	1564.1825
6	6	7	2.79	0.0448	0.2116	1563.2105
6	6	8	2.82	0.0447	0.2115	1562.4768
6	6	9	2.88	0.0447	0.2114	1561.9272
6	6	10	2.93	0.0447	0.2114	1561.4076
6	6	11	2.92	0.0447	0.2113	1560.9413
6	6	12	2.95	0.0446	0.2113	1560.5657
6	7	3	2.90	0.0449	0.2118	1564.7995
6	7	4	2.91	0.0445	0.2110	1558.7827
6	7	5	2.89	0.0444	0.2107	1556.2606
6	7	6	2.94	0.0443	0.2105	1555.0386
6	7	7	2.64	0.0443	0.2104	1553.9093
6	7	8	2.80	0.0442	0.2103	1553.2768
6	7	9	2.94	0.0442	0.2102	1552.6275
6	7	10	2.92	0.0441	0.2101	1552.0184
6	7	11	2.74	0.0441	0.2100	1551.5405
6	7	12	2.90	0.0441	0.2100	1551.1416
6	8	3	2.59	0.0446	0.2111	1559.5867
6	8	4	2.90	0.0442	0.2103	1553.3658
6	8	5	2.89	0.0441	0.2099	1550.7996
6	8	6	2.89	0.0440	0.2098	1549.5066
6	8	7	2.95	0.0439	0.2096	1548.2894
6	8	8	2.92	0.0439	0.2095	1547.5729
6	8	9	2.96	0.0439	0.2094	1546.9177
6	8	10	2.93	0.0438	0.2093	1546.3001
6	8	11	2.93	0.0438	0.2093	1545.8224
6	8	12	2.86	0.0438	0.2092	1545.2514
6	9	3	2.71	0.0444	0.2107	1556.6285
6	9	4	2.96	0.0440	0.2098	1549.8017
6	9	5	2.83	0.0438	0.2094	1546.8407
6	9	6	2.95	0.0438	0.2092	1545.3577
6	9	7	2.76	0.0437	0.2090	1544.1089
6	9	8	2.95	0.0436	0.2089	1543.2572
6	9	9	2.98	0.0436	0.2088	1542.4832
6	9	10	2.82	0.0436	0.2087	1541.8490
6	9	11	2.92	0.0435	0.2087	1541.3322
6	9	12	2.84	0.0435	0.2086	1540.7903
6	10	3	2.78	0.0443	0.2104	1554.2771
6	10	4	2.90	0.0439	0.2094	1547.0551
6	10	5	2.93	0.0437	0.2090	1543.9522
6	10	6	2.88	0.0436	0.2088	1542.4117
6	10	7	2.69	0.0435	0.2086	1541.0958
6	10	8	2.94	0.0435	0.2085	1540.1337
6	10	9	2.92	0.0434	0.2084	1539.2331
6	10	10	2.81	0.0434	0.2083	1538.5356
6	10	11	2.80	0.0433	0.2082	1537.9747
6	10	12	2.96	0.0433	0.2081	1537.4642
6	11	3	2.91	0.0442	0.2102	1552.9843
6	11	4	2.90	0.0438	0.2093	1545.7571
6	11	5	2.88	0.0436	0.2088	1542.4327
6	11	6	2.91	0.0435	0.2085	1540.5217
6	11	7	2.95	0.0434	0.2084	1539.1513
6	11	8	2.83	0.0434	0.2082	1538.1145
6	11	9	2.81	0.0433	0.2081	1537.1887
6	11	10	2.76	0.0433	0.2080	1536.3076
6	11	11	2.92	0.0432	0.2079	1535.6043
6	11	12	2.67	0.0432	0.2078	1535.0524
6	12	3	2.81	0.0441	0.2101	1551.8797
6	12	4	2.92	0.0437	0.2091	1544.2963
6	12	5	2.93	0.0435	0.2086	1540.9343
6	12	6	2.97	0.0434	0.2083	1538.9542
6	12	7	2.73	0.0433	0.2081	1537.5187
6	12	8	2.71	0.0433	0.2080	1536.4390
6	12	9	2.88	0.0432	0.2079	1535.4925
6	12	10	2.79	0.0432	0.2077	1534.5643
6	12	11	2.93	0.0431	0.2076	1533.8112
6	12	12	2.97	0.0431	0.2076	1533.2660
7	3	3	2.80	0.0479	0.2187	1615.8603
7	3	4	2.96	0.0476	0.2182	1612.1893
7	3	5	2.93	0.0475	0.2179	1609.8717
7	3	6	2.92	0.0474	0.2178	1609.0515
7	3	7	2.77	0.0474	0.2177	1608.4678
7	3	8	2.66	0.0474	0.2177	1608.0271
7	3	9	2.80	0.0474	0.2176	1607.6277
7	3	10	2.66	0.0473	0.2176	1607.3240
7	3	11	2.70	0.0473	0.2176	1607.0843
7	3	12	2.89	0.0473	0.2175	1606.8886
7	4	3	2.96	0.0466	0.2159	1595.0819
7	4	4	2.90	0.0464	0.2154	1591.1985
7	4	5	2.87	0.0463	0.2151	1588.6579
7	4	6	2.68	0.0462	0.2149	1587.7625
7	4	7	2.61	0.0462	0.2148	1587.0141
7	4	8	2.91	0.0461	0.2148	1586.4733
7	4	9	2.68	0.0461	0.2147	1585.9765
7	4	10	2.99	0.0461	0.2147	1585.6462
7	4	11	3.00	0.0461	0.2146	1585.3384
7	4	12	2.82	0.0460	0.2146	1585.0855
7	5	3	2.74	0.0457	0.2137	1578.8031
7	5	4	2.93	0.0454	0.2130	1573.4038
7	5	5	2.89	0.0452	0.2126	1570.5685
7	5	6	2.98	0.0451	0.2125	1569.5304
7	5	7	2.70	0.0451	0.2123	1568.5592
7	5	8	2.98	0.0450	0.2122	1567.8230
7	5	9	2.82	0.0450	0.2122	1567.3292
7	5	10	3.00	0.0450	0.2121	1566.9511
7	5	11	2.94	0.0450	0.2121	1566.5986
7	5	12	2.99	0.0450	0.2120	1566.3311
7	6	3	2.90	0.0449	0.2120	1566.0383
7	6	4	3.01	0.0446	0.2112	1560.4177
7	6	5	2.77	0.0446	0.2112	1560.0942
7	6	6	2.96	0.0445	0.2110	1558.9989
7	6	7	2.70	0.0445	0.2109	1557.9401
7	6	8	2.96	0.0444	0.2108	1557.1241
7	6	9	2.88	0.0444	0.2107	1556.4988
7	6	10	2.66	0.0444	0.2106	1556.0153
7	6	11	2.94	0.0443	0.2106	1555.5703
7	6	12	2.82	0.0443	0.2105	1555.2152
7	7	3	2.97	0.0444	0.2107	1556.4093
7	7	4	2.96	0.0440	0.2099	1550.2251
7	7	5	2.93	0.0439	0.2095	1547.6504
7	7	6	2.97	0.0438	0.2093	1546.3813
7	7	7	2.80	0.0438	0.2092	1545.1710
7	7	8	2.83	0.0437	0.2091	1544.3583
7	7	9	2.99	0.0437	0.2090	1543.6753
7	7	10	2.83	0.0436	0.2089	1543.0626
7	7	11	2.98	0.0436	0.2088	1542.5608
7	7	12	2.85	0.0436	0.2088	1542.0730
7	8	3	2.92	0.0441	0.2100	1551.0331
7	8	4	2.96	0.0437	0.2091	1544.6289
7	8	5	2.98	0.0436	0.2087	1541.8453
7	8	6	2.96	0.0435	0.2085	1540.4499
7	8	7	2.91	0.0434	0.2084	1539.1652
7	8	8	2.83	0.0434	0.2082	1538.3227
7	8	9	2.99	0.0433	0.2081	1537.5362
7	8	10	2.97	0.0433	0.2081	1536.8924
7	8	11	2.93	0.0433	0.2080	1536.3910
7	8	12	2.90	0.0432	0.2079	1535.8766
7	9	3	2.66	0.0439	0.2095	1547.3775
7	9	4	2.82	0.0435	0.2085	1540.3741
7	9	5	2.94	0.0433	0.2081	1537.1965
7	9	6	2.95	0.0432	0.2079	1535.6471
7	9	7	2.94	0.0431	0.2077	1534.2416
7	9	8	2.85	0.0431	0.2076	1533.3120
7	9	9	2.82	0.0430	0.2075	1532.4399
7	9	10	2.89	0.0430	0.2074	1531.7780
7	9	11	3.01	0.0430	0.2073	1531.2157
7	9	12	2.94	0.0429	0.2072	1530.6834
7	10	3	2.65	0.0437	0.2091	1544.9123
7	10	4	2.98	0.0433	0.2081	1537.4614
7	10	5	2.85	0.0431	0.2077	1534.2193
7	10	6	2.86	0.0430	0.2075	1532.5531
7	10	7	2.76	0.0430	0.2073	1531.0807
7	10	8	2.88	0.0429	0.2071	1530.0350
7	10	9	2.78	0.0428	0.2070	1529.0754
7	10	10	2.99	0.0428	0.2069	1528.3581
7	10	11	2.80	0.0428	0.2068	1527.7775
7	10	12	2.99	0.0427	0.2067	1527.2338
7	11	3	2.95	0.0436	0.2088	1542.5797
7	11	4	2.69	0.0432	0.2078	1534.9858
7	11	5	2.89	0.0430	0.2073	1531.6600
7	11	6	2.88	0.0429	0.2071	1529.8896
7	11	7	2.91	0.0428	0.2069	1528.4060
7	11	8	2.72	0.0428	0.2068	1527.3391
7	11	9	2.83	0.0427	0.2066	1526.3497
7	11	10	2.79	0.0427	0.2065	1525.5685
7	11	11	2.78	0.0426	0.2064	1524.9106
7	11	12	2.78	0.0426	0.2064	1524.3610
7	12	3	2.80	0.0435	0.2086	1541.1588
7	12	4	2.97	0.0431	0.2076	1533.3932
7	12	5	2.71	0.0429	0.2071	1530.0005
7	12	6	2.70	0.0428	0.2069	1528.1652
7	12	7	2.86	0.0427	0.2067	1526.6304
7	12	8	2.89	0.0426	0.2065	1525.4312
7	12	9	2.95	0.0426	0.2064	1524.4860
7	12	10	2.98	0.0425	0.2063	1523.6077
7	12	11	2.87	0.0425	0.2062	1522.8987
7	12	12	2.99	0.0425	0.2061	1522.2909
8	3	3	2.93	0.0478	0.2186	1614.9428
8	3	4	2.94	0.0476	0.2181	1610.9706
8	3	5	2.81	0.0474	0.2177	1608.4686
8	3	6	2.81	0.0474	0.2176	1607.5929
8	3	7	2.95	0.0473	0.2175	1606.9847
8	3	8	2.81	0.0473	0.2175	1606.5038
8	3	9	2.96	0.0473	0.2174	1606.0821
8	3	10	2.96	0.0473	0.2174	1605.7569
8	3	11	2.94	0.0472	0.2173	1605.5116
8	3	12	2.92	0.0472	0.2173	1605.2950
8	4	3	2.88	0.0466	0.2158	1593.8495
8	4	4	2.98	0.0463	0.2152	1589.7625
8	4	5	2.98	0.0462	0.2148	1587.0094
8	4	6	2.96	0.0461	0.2147	1586.0493
8	4	7	2.87	0.0461	0.2146	1585.3028
8	4	8	2.80	0.0460	0.2145	1584.7441
8	4	9	2.97	0.0460	0.2145	1584.1471
8	4	10	2.70	0.0460	0.2144	1583.7884
8	4	11	2.92	0.0460	0.2144	1583.5628
8	4	12	2.74	0.0459	0.2143	1583.2275
8	5	3	2.72	0.0455	0.2133	1575.5279
8	5	4	2.88	0.0452	0.2125	1569.7225
8	5	5	2.96	0.0450	0.2121	1566.8161
8	5	6	2.87	0.0449	0.2120	1565.7457
8	5	7	2.78	0.0449	0.2118	1564.7243
8	5	8	2.86	0.0448	0.2117	1563.9631
8	5	9	2.88	0.0448	0.2116	1563.4221
8	5	10	2.94	0.0448	0.2116	1563.0442
8	5	11	2.94	0.0448	0.2115	1562.6775
8	5	12	2.88	0.0447	0.2115	1562.3812
8	6	3	2.85	0.0448	0.2116	1562.7997
8	6	4	2.98	0.0445	0.2110	1558.8435
8	6	5	2.98	0.0444	0.2107	1556.3077
8	6	6	2.98	0.0443	0.2105	1555.1286
8	6	7	2.86	0.0443	0.2104	1553.9998
8	6	8	2.98	0.0442	0.2103	1553.2050
8	6	9	2.98	0.0442	0.2102	1552.5630
8	6	10	2.98	0.0441	0.2101	1552.0015
8	6	11	2.71	0.0441	0.2100	1551.5077
8	6	12	3.00	0.0441	0.2100	1551.0976
8	7	3	2.85	0.0442	0.2102	1552.5177
8	7	4	2.73	0.0438	0.2093	1546.2290
8	7	5	2.96	0.0436	0.2089	1543.1059
8	7	6	2.84	0.0436	0.2087	1541.7746
8	7	7	2.83	0.0435	0.2085	1540.4725
8	7	8	2.94	0.0434	0.2084	1539.6435
8	7	9	2.63	0.0434	0.2083	1538.9244
8	7	10	2.83	0.0434	0.2082	1538.2883
8	7	11	2.75	0.0433	0.2082	1537.7748
8	7	12	2.99	0.0433	0.2081	1537.2562
8	8	3	2.82	0.0438	0.2093	1546.1657
8	8	4	2.83	0.0434	0.2083	1538.9165
8	8	5	2.89	0.0432	0.2079	1535.9190
8	8	6	2.97	0.0432	0.2077	1534.4658
8	8	7	2.99	0.0431	0.2076	1533.1872
8	8	8	2.92	0.0430	0.2074	1532.2749
8	8	9	2.84	0.0430	0.2073	1531.4449
8	8	10	2.95	0.0429	0.2072	1530.7798
8	8	11	2.91	0.0429	0.2072	1530.2491
8	8	12	3.00	0.0429	0.2071	1529.7335
8	9	3	2.89	0.0436	0.2087	1541.7297
8	9	4	2.98	0.0432	0.2078	1534.7206
8	9	5	2.92	0.0430	0.2073	1531.2386
8	9	6	2.91	0.0429	0.2071	1529.5728
8	9	7	3.00	0.0428	0.2069	1528.1364
8	9	8	2.71	0.0427	0.2067	1527.1119
8	9	9	3.00	0.0427	0.2066	1526.1982
8	9	10	2.86	0.0426	0.2065	1525.5043
8	9	11	2.85	0.0426	0.2064	1524.9376
8	9	12	2.85	0.0426	0.2064	1524.3924
8	10	3	2.98	0.0434	0.2082	1538.0248
8	10	4	2.98	0.0430	0.2072	1530.8995
8	10	5	2.94	0.0427	0.2067	1526.7904
8	10	6	2.69	0.0426	0.2065	1525.1240
8	10	7	2.89	0.0425	0.2063	1523.5858
8	10	8	2.79	0.0425	0.2061	1522.5152
8	10	9	2.91	0.0424	0.2060	1521.5188
8	10	10	2.94	0.0424	0.2059	1520.7814
8	10	11	2.93	0.0423	0.2058	1520.1449
8	10	12	2.71	0.0423	0.2057	1519.5636
8	11	3	2.92	0.0432	0.2080	1536.1096
8	11	4	2.96	0.0428	0.2068	1527.8091
8	11	5	2.76	0.0426	0.2063	1524.0891
8	11	6	2.98	0.0425	0.2061	1522.3128
8	11	7	3.00	0.0424	0.2059	1520.7516
8	11	8	2.85	0.0423	0.2057	1519.4945
8	11	9	3.00	0.0423	0.2056	1518.4543
8	11	10	2.93	0.0422	0.2054	1517.6210
8	11	11	2.96	0.0422	0.2054	1516.9748
8	11	12	2.69	0.0421	0.2053	1516.3796
8	12	3	2.91	0.0431	0.2076	1533.2926
8	12	4	2.72	0.0426	0.2065	1525.3674
8	12	5	2.64	0.0424	0.2060	1521.4729
8	12	6	2.81	0.0423	0.2057	1519.5674
8	12	7	2.95	0.0422	0.2055	1517.8302
8	12	8	2.99	0.0422	0.2053	1516.5783
8	12	9	2.98	0.0421	0.2052	1515.4906
8	12	10	3.01	0.0420	0.2050	1514.5909
8	12	11	2.88	0.0420	0.2049	1513.8904
8	12	12	2.90	0.0420	0.2049	1513.2615
9	3	3	2.88	0.0478	0.2185	1614.2087
9	3	4	2.76	0.0475	0.2180	1610.0799
9	3	5	2.94	0.0474	0.2176	1607.4019
9	3	6	2.97	0.0473	0.2175	1606.5050
9	3	7	2.97	0.0473	0.2174	1605.8445
9	3	8	2.62	0.0472	0.2173	1605.3211
9	3	9	2.62	0.0472	0.2173	1604.8624
9	3	10	2.91	0.0472	0.2172	1604.5166
9	3	11	2.98	0.0472	0.2172	1604.2284
9	3	12	2.83	0.0472	0.2171	1604.0006
9	4	3	2.95	0.0465	0.2156	1592.8157
9	4	4	2.68	0.0462	0.2151	1588.6102
9	4	5	2.75	0.0461	0.2147	1585.7156
9	4	6	2.97	0.0460	0.2145	1584.8203
9	4	7	2.76	0.0460	0.2144	1583.9740
9	4	8	2.98	0.0459	0.2143	1583.3092
9	4	9	2.97	0.0459	0.2143	1582.8382
9	4	10	2.93	0.0459	0.2142	1582.2784
9	4	11	2.87	0.0459	0.2142	1581.9740
9	4	12	2.84	0.0458	0.2141	1581.6971
9	5	3	2.88	0.0454	0.2131	1573.8769
9	5	4	2.93	0.0451	0.2123	1567.9961
9	5	5	2.92	0.0449	0.2119	1564.9995
9	5	6	2.97	0.0448	0.2117	1563.8580
9	5	7	2.79	0.0448	0.2116	1562.8129
9	5	8	2.92	0.0447	0.2115	1562.0500
9	5	9	2.98	0.0447	0.2114	1561.4979
9	5	10	2.95	0.0447	0.2113	1561.0834
9	5	11	2.71	0.0446	0.2113	1560.6911
9	5	12	2.99	0.0446	0.2112	1560.3761
9	6	3	2.79	0.0446	0.2111	1559.5904
9	6	4	2.98	0.0444	0.2106	1555.8796
9	6	5	3.00	0.0442	0.2102	1553.0441
9	6	6	2.75	0.0441	0.2101	1551.8656
9	6	7	2.88	0.0441	0.2099	1550.7437
9	6	8	2.99	0.0440	0.2098	1549.9101
9	6	9	2.98	0.0440	0.2097	1549.1158
9	6	10	2.94	0.0439	0.2096	1548.5484
9	6	11	2.96	0.0439	0.2096	1548.1083
9	6	12	3.01	0.0439	0.2095	1547.7192
9	7	3	2.85	0.0440	0.2097	1549.3910
9	7	4	2.92	0.0436	0.2088	1542.3747
9	7	5	2.84	0.0434	0.2084	1539.1677
9	7	6	2.92	0.0433	0.2082	1537.8141
9	7	7	3.00	0.0433	0.2080	1536.4594
9	7	8	3.00	0.0432	0.2079	1535.5974
9	7	9	2.68	0.0432	0.2078	1534.8813
9	7	10	2.84	0.0431	0.2077	1534.2011
9	7	11	3.01	0.0431	0.2076	1533.6792
9	7	12	2.95	0.0431	0.2075	1533.1396
9	8	3	2.99	0.0436	0.2088	1542.7238
9	8	4	2.77	0.0432	0.2078	1534.9014
9	8	5	2.93	0.0430	0.2073	1531.4324
9	8	6	2.99	0.0429	0.2071	1529.9438
9	8	7	2.72	0.0428	0.2069	1528.5128
9	8	8	3.00	0.0428	0.2068	1527.6566
9	8	9	2.98	0.0427	0.2067	1526.8844
9	8	10	2.81	0.0428	0.2068	1527.4151
9	8	11	2.93	0.0427	0.2067	1526.7504
9	8	12	2.89	0.0427	0.2066	1526.1555
9	9	3	2.93	0.0433	0.2081	1537.2788
9	9	4	2.92	0.0429	0.2071	1529.7061
9	9	5	2.99	0.0427	0.2066	1526.3460
9	9	6	2.91	0.0426	0.2064	1524.6236
9	9	7	2.97	0.0425	0.2061	1522.7506
9	9	8	2.62	0.0424	0.2060	1521.6530
9	9	9	2.92	0.0424	0.2058	1520.4255
9	9	10	2.83	0.0423	0.2057	1519.7416
9	9	11	3.01	0.0423	0.2056	1519.0779
9	9	12	2.90	0.0423	0.2056	1518.4523
9	10	3	2.96	0.0430	0.2075	1532.4743
9	10	4	2.96	0.0426	0.2064	1524.4899
9	10	5	2.85	0.0424	0.2059	1520.8373
9	10	6	2.68	0.0423	0.2056	1519.0912
9	10	7	3.01	0.0422	0.2054	1517.4711
9	10	8	2.93	0.0421	0.2053	1516.3555
9	10	9	2.98	0.0421	0.2051	1515.3479
9	10	10	2.85	0.0420	0.2050	1514.5732
9	10	11	3.00	0.0420	0.2049	1513.8911
9	10	12	2.78	0.0420	0.2049	1513.2537
9	11	3	2.98	0.0428	0.2070	1529.0286
9	11	4	2.69	0.0424	0.2059	1520.9544
9	11	5	2.89	0.0422	0.2054	1517.1562
9	11	6	2.99	0.0421	0.2051	1515.3876
9	11	7	2.96	0.0420	0.2049	1513.7635
9	11	8	2.82	0.0419	0.2048	1512.6324
9	11	9	2.91	0.0419	0.2046	1511.5775
9	11	10	2.87	0.0418	0.2045	1510.8210
9	11	11	2.89	0.0418	0.2044	1510.1099
9	11	12	2.90	0.0418	0.2043	1509.4480
9	12	3	2.92	0.0427	0.2067	1526.6961
9	12	4	2.99	0.0422	0.2055	1518.1818
9	12	5	3.00	0.0420	0.2050	1514.2557
9	12	6	2.93	0.0419	0.2047	1512.3474
9	12	7	2.98	0.0418	0.2045	1510.5908
9	12	8	2.91	0.0417	0.2043	1509.2959
9	12	9	2.98	0.0417	0.2042	1508.1698
9	12	10	2.74	0.0416	0.2040	1507.2741
9	12	11	2.89	0.0416	0.2039	1506.5361
9	12	12	2.99	0.0416	0.2039	1505.8376
10	3	3	2.86	0.0478	0.2185	1614.2087
10	3	4	2.89	0.0475	0.2179	1609.3300
10	3	5	2.59	0.0473	0.2175	1606.4780
10	3	6	2.90	0.0472	0.2174	1605.5704
10	3	7	2.97	0.0472	0.2173	1604.8979
10	3	8	2.97	0.0472	0.2172	1604.3715
10	3	9	2.98	0.0471	0.2171	1603.9081
10	3	10	2.93	0.0471	0.2171	1603.5507
10	3	11	2.96	0.0471	0.2170	1603.2572
10	3	12	2.64	0.0471	0.2170	1603.0264
10	4	3	2.98	0.0464	0.2155	1591.8618
10	4	4	2.96	0.0462	0.2149	1587.5054
10	4	5	3.00	0.0460	0.2145	1584.5170
10	4	6	2.86	0.0460	0.2144	1583.4905
10	4	7	2.65	0.0459	0.2143	1582.7262
10	4	8	3.02	0.0459	0.2142	1582.1046
10	4	9	2.81	0.0458	0.2141	1581.5576
10	4	10	2.85	0.0458	0.2140	1581.1046
10	4	11	2.76	0.0458	0.2140	1580.7910
10	4	12	2.98	0.0458	0.2140	1580.4934
10	5	3	2.98	0.0453	0.2129	1572.7699
10	5	4	2.97	0.0450	0.2121	1566.5841
10	5	5	2.76	0.0448	0.2116	1563.4141
10	5	6	2.89	0.0447	0.2115	1562.1791
10	5	7	3.00	0.0447	0.2113	1561.1250
10	5	8	2.93	0.0446	0.2112	1560.3534
10	5	9	2.77	0.0446	0.2111	1559.7356
10	5	10	2.91	0.0446	0.2111	1559.2678
10	5	11	2.98	0.0445	0.2110	1558.8702
10	5	12	2.98	0.0445	0.2110	1558.5393
10	6	3	2.93	0.0445	0.2109	1557.8472
10	6	4	3.00	0.0443	0.2104	1554.2471
10	6	5	2.73	0.0441	0.2100	1551.1542
10	6	6	2.94	0.0440	0.2098	1549.8520
10	6	7	2.86	0.0440	0.2096	1548.6492
10	6	8	2.83	0.0439	0.2096	1548.0545
10	6	9	3.00	0.0439	0.2095	1547.4189
10	6	10	2.99	0.0438	0.2094	1546.8318
10	6	11	3.01	0.0438	0.2093	1546.3305
10	6	12	3.01	0.0438	0.2093	1545.8252
10	7	3	2.88	0.0438	0.2093	1546.1515
10	7	4	2.96	0.0434	0.2084	1539.2156
10	7	5	2.91	0.0432	0.2079	1535.8512
10	7	6	2.97	0.0432	0.2077	1534.4752
10	7	7	2.99	0.0431	0.2075	1533.0948
10	7	8	2.89	0.0430	0.2074	1532.2062
10	7	9	2.95	0.0430	0.2073	1531.4506
10	7	10	2.72	0.0429	0.2072	1530.7711
10	7	11	2.98	0.0429	0.2072	1530.2302
10	7	12	2.64	0.0429	0.2071	1529.6643
10	8	3	2.73	0.0434	0.2084	1539.7457
10	8	4	2.77	0.0430	0.2074	1531.7258
10	8	5	2.98	0.0428	0.2069	1528.2075
10	8	6	2.95	0.0427	0.2067	1526.6430
10	8	7	2.77	0.0426	0.2065	1525.2399
10	8	8	2.99	0.0426	0.2064	1524.4608
10	8	9	3.03	0.0425	0.2062	1523.5142
10	8	10	3.02	0.0425	0.2061	1522.7994
10	8	11	2.99	0.0425	0.2061	1522.3011
10	8	12	3.01	0.0424	0.2060	1521.6235
10	9	3	2.62	0.0431	0.2075	1532.7416
10	9	4	2.95	0.0426	0.2065	1525.0356
10	9	5	3.00	0.0424	0.2060	1521.4347
10	9	6	2.92	0.0423	0.2057	1519.8408
10	9	7	2.79	0.0422	0.2055	1518.2098
10	9	8	2.86	0.0422	0.2054	1517.1008
10	9	9	2.86	0.0421	0.2052	1516.0298
10	9	10	3.00	0.0421	0.2051	1515.3019
10	9	11	2.98	0.0420	0.2050	1514.6402
10	9	12	2.98	0.0420	0.2050	1513.9887
10	10	3	2.83	0.0428	0.2068	1527.4871
10	10	4	3.01	0.0423	0.2057	1519.4670
10	10	5	2.90	0.0421	0.2052	1515.9441
10	10	6	3.02	0.0420	0.2050	1514.2457
10	10	7	3.01	0.0419	0.2048	1512.8748
10	10	8	2.79	0.0419	0.2046	1511.6403
10	10	9	2.93	0.0418	0.2045	1510.5533
10	10	10	3.01	0.0418	0.2044	1509.7372
10	10	11	3.04	0.0417	0.2043	1509.0384
10	10	12	2.85	0.0417	0.2042	1508.3490
10	11	3	3.00	0.0426	0.2063	1523.9459
10	11	4	2.95	0.0421	0.2052	1515.9259
10	11	5	2.72	0.0419	0.2048	1512.8650
10	11	6	2.73	0.0418	0.2046	1511.0482
10	11	7	2.94	0.0417	0.2043	1509.2460
10	11	8	2.89	0.0417	0.2041	1507.6224
10	11	9	2.97	0.0416	0.2039	1506.4990
10	11	10	3.00	0.0415	0.2038	1505.6205
10	11	11	3.01	0.0415	0.2037	1504.8446
10	11	12	2.79	0.0415	0.2036	1504.1305
10	12	3	2.99	0.0424	0.2060	1521.8486
10	12	4	2.75	0.0420	0.2049	1513.9185
10	12	5	2.76	0.0418	0.2044	1509.5785
10	12	6	2.95	0.0417	0.2041	1507.5682
10	12	7	2.76	0.0415	0.2038	1505.6493
10	12	8	2.83	0.0415	0.2036	1504.0320
10	12	9	2.94	0.0414	0.2034	1502.8642
10	12	10	2.90	0.0413	0.2033	1501.9365
10	12	11	2.94	0.0413	0.2032	1501.1741
10	12	12	2.97	0.0413	0.2031	1500.4251
11	3	3	2.80	0.0478	0.2185	1614.2087
11	3	4	2.87	0.0474	0.2178	1608.6985
11	3	5	2.95	0.0473	0.2174	1605.7326
11	3	6	2.90	0.0472	0.2173	1604.8249
11	3	7	2.73	0.0472	0.2172	1604.0942
11	3	8	2.61	0.0471	0.2171	1603.5117
11	3	9	2.66	0.0471	0.2170	1603.0195
11	3	10	2.90	0.0471	0.2170	1602.6501
11	3	11	2.87	0.0471	0.2169	1602.3420
11	3	12	2.82	0.0470	0.2169	1602.1003
11	4	3	2.61	0.0464	0.2154	1591.1246
11	4	4	2.68	0.0461	0.2148	1586.5018
11	4	5	2.92	0.0460	0.2144	1583.5210
11	4	6	2.95	0.0459	0.2142	1582.5627
11	4	7	2.95	0.0458	0.2141	1581.6890
11	4	8	2.88	0.0458	0.2140	1581.0499
11	4	9	2.94	0.0458	0.2140	1580.4548
11	4	10	2.97	0.0457	0.2139	1579.9930
11	4	11	2.81	0.0457	0.2138	1579.6612
11	4	12	2.98	0.0457	0.2138	1579.3477
11	5	3	2.64	0.0453	0.2128	1571.7064
11	5	4	2.80	0.0449	0.2119	1565.4082
11	5	5	2.83	0.0447	0.2115	1562.1058
11	5	6	2.97	0.0446	0.2113	1560.8310
11	5	7	2.96	0.0446	0.2112	1559.7645
11	5	8	2.87	0.0445	0.2110	1558.9553
11	5	9	2.95	0.0445	0.2110	1558.3022
11	5	10	2.82	0.0445	0.2109	1557.8073
11	5	11	2.93	0.0445	0.2108	1557.4034
11	5	12	2.65	0.0444	0.2108	1557.0565
11	6	3	2.93	0.0446	0.2111	1559.2848
11	6	4	2.95	0.0442	0.2102	1552.7119
11	6	5	2.90	0.0440	0.2098	1549.5107
11	6	6	2.92	0.0439	0.2096	1548.0188
11	6	7	2.89	0.0438	0.2094	1546.8055
11	6	8	2.93	0.0438	0.2093	1546.1364
11	6	9	2.93	0.0438	0.2092	1545.4599
11	6	10	2.70	0.0437	0.2091	1544.8366
11	6	11	2.98	0.0437	0.2091	1544.3505
11	6	12	2.75	0.0437	0.2090	1543.8583
11	7	3	2.75	0.0437	0.2091	1544.4075
11	7	4	2.71	0.0433	0.2081	1537.3737
11	7	5	2.99	0.0431	0.2077	1533.9109
11	7	6	2.95	0.0430	0.2074	1532.3493
11	7	7	2.89	0.0430	0.2073	1530.9453
11	7	8	2.93	0.0429	0.2071	1530.0511
11	7	9	3.01	0.0429	0.2070	1529.2437
11	7	10	2.88	0.0428	0.2069	1528.5348
11	7	11	2.95	0.0428	0.2068	1527.9165
11	7	12	2.88	0.0428	0.2068	1527.3240
11	8	3	2.93	0.0433	0.2080	1536.8052
11	8	4	2.91	0.0429	0.2070	1529.2923
11	8	5	2.81	0.0427	0.2065	1525.6401
11	8	6	2.98	0.0426	0.2063	1524.0039
11	8	7	2.98	0.0425	0.2061	1522.4535
11	8	8	2.95	0.0424	0.2059	1521.0857
11	8	9	2.88	0.0423	0.2058	1520.1206
11	8	10	2.76	0.0423	0.2057	1519.3829
11	8	11	2.87	0.0423	0.2056	1518.7487
11	8	12	2.95	0.0422	0.2055	1518.1240
11	9	3	2.75	0.0429	0.2071	1529.5726
11	9	4	2.93	0.0424	0.2060	1521.7742
11	9	5	2.82	0.0422	0.2055	1517.9964
11	9	6	2.68	0.0421	0.2053	1516.2942
11	9	7	2.96	0.0420	0.2050	1514.6645
11	9	8	2.85	0.0420	0.2049	1513.4850
11	9	9	2.94	0.0419	0.2047	1512.3900
11	9	10	2.96	0.0419	0.2046	1511.6306
11	9	11	2.78	0.0418	0.2045	1510.9313
11	9	12	2.98	0.0418	0.2044	1510.2300
11	10	3	2.94	0.0425	0.2063	1523.7278
11	10	4	2.97	0.0421	0.2052	1515.4792
11	10	5	2.92	0.0419	0.2046	1511.6187
11	10	6	2.94	0.0418	0.2044	1509.8456
11	10	7	2.93	0.0417	0.2042	1508.1713
11	10	8	2.95	0.0416	0.2040	1507.0234
11	10	9	2.99	0.0416	0.2039	1505.9078
11	10	10	2.83	0.0415	0.2038	1505.0907
11	10	11	2.83	0.0415	0.2037	1504.3760
11	10	12	2.93	0.0414	0.2036	1503.6783
11	11	3	2.93	0.0423	0.2058	1520.0986
11	11	4	2.73	0.0419	0.2047	1511.8410
11	11	5	2.77	0.0417	0.2041	1507.9095
11	11	6	2.97	0.0416	0.2039	1506.1093
11	11	7	2.89	0.0415	0.2037	1504.3664
11	11	8	2.98	0.0414	0.2034	1502.6802
11	11	9	2.94	0.0413	0.2033	1501.5354
11	11	10	3.00	0.0413	0.2031	1500.6446
11	11	11	2.91	0.0412	0.2030	1499.8541
11	11	12	2.96	0.0412	0.2029	1499.1331
11	12	3	2.96	0.0422	0.2055	1517.6542
11	12	4	2.86	0.0417	0.2042	1508.6708
11	12	5	2.89	0.0415	0.2037	1504.5857
11	12	6	2.97	0.0414	0.2034	1502.4399
11	12	7	2.96	0.0413	0.2031	1500.5988
11	12	8	2.86	0.0412	0.2029	1498.9198
11	12	9	2.63	0.0411	0.2028	1497.7187
11	12	10	3.01	0.0411	0.2026	1496.7587
11	12	11	2.83	0.0410	0.2025	1495.9693
11	12	12	2.87	0.0410	0.2024	1495.2334
12	3	3	2.91	0.0478	0.2185	1614.2087
12	3	4	2.90	0.0474	0.2177	1608.2147
12	3	5	2.89	0.0472	0.2173	1605.2187
12	3	6	2.79	0.0472	0.2172	1604.3079
12	3	7	2.84	0.0471	0.2171	1603.5037
12	3	8	2.89	0.0471	0.2170	1602.8966
12	3	9	2.70	0.0471	0.2169	1602.4054
12	3	10	2.92	0.0470	0.2169	1602.0448
12	3	11	2.92	0.0470	0.2168	1601.7311
12	3	12	2.83	0.0470	0.2168	1601.4888
12	4	3	2.96	0.0464	0.2153	1590.6569
12	4	4	2.67	0.0461	0.2147	1585.7161
12	4	5	2.77	0.0459	0.2142	1582.5592
12	4	6	2.92	0.0458	0.2141	1581.5762
12	4	7	2.90	0.0458	0.2140	1580.6878
12	4	8	2.90	0.0458	0.2139	1580.0310
12	4	9	2.83	0.0457	0.2138	1579.4343
12	4	10	2.82	0.0457	0.2138	1578.9668
12	4	11	2.86	0.0457	0.2137	1578.6315
12	4	12	2.95	0.0457	0.2137	1578.3187
12	5	3	2.91	0.0452	0.2126	1570.7249
12	5	4	2.72	0.0449	0.2118	1564.3981
12	5	5	2.74	0.0447	0.2113	1561.0432
12	5	6	2.79	0.0446	0.2111	1559.7398
12	5	7	2.94	0.0445	0.2110	1558.6667
12	5	8	2.81	0.0445	0.2109	1557.8158
12	5	9	2.83	0.0444	0.2108	1557.1377
12	5	10	2.68	0.0444	0.2107	1556.6267
12	5	11	2.98	0.0444	0.2107	1556.1979
12	5	12	2.82	0.0444	0.2106	1555.8446
12	6	3	2.96	0.0445	0.2110	1558.2893
12	6	4	2.99	0.0441	0.2100	1551.4675
12	6	5	2.82	0.0439	0.2096	1548.0097
12	6	6	2.93	0.0438	0.2094	1546.6592
12	6	7	2.90	0.0438	0.2092	1545.4262
12	6	8	2.97	0.0437	0.2091	1544.5870
12	6	9	2.94	0.0437	0.2090	1543.7871
12	6	10	2.64	0.0436	0.2089	1543.1532
12	6	11	2.81	0.0436	0.2088	1542.6310
12	6	12	2.98	0.0436	0.2088	1542.1472
12	7	3	2.94	0.0436	0.2089	1542.8717
12	7	4	2.78	0.0432	0.2079	1535.6984
12	7	5	2.92	0.0430	0.2074	1532.0558
12	7	6	2.99	0.0429	0.2072	1530.4615
12	7	7	2.67	0.0428	0.2070	1529.0574
12	7	8	2.76	0.0428	0.2069	1528.1479
12	7	9	2.93	0.0427	0.2068	1527.3017
12	7	10	2.88	0.0427	0.2067	1526.5829
12	7	11	2.86	0.0427	0.2066	1525.9665
12	7	12	2.79	0.0426	0.2065	1525.3634
12	8	3	3.01	0.0432	0.2078	1534.9000
12	8	4	2.87	0.0427	0.2068	1527.2500
12	8	5	2.82	0.0425	0.2062	1523.2851
12	8	6	2.85	0.0424	0.2060	1521.6558
12	8	7	2.94	0.0423	0.2058	1520.0488
12	8	8	2.95	0.0423	0.2056	1518.5753
12	8	9	2.84	0.0422	0.2054	1517.5484
12	8	10	2.93	0.0422	0.2053	1516.8039
12	8	11	2.76	0.0421	0.2052	1516.1368
12	8	12	2.82	0.0421	0.2052	1515.4963
12	9	3	2.95	0.0428	0.2068	1527.3620
12	9	4	2.97	0.0423	0.2057	1519.4325
12	9	5	2.73	0.0421	0.2052	1515.4796
12	9	6	2.76	0.0420	0.2049	1513.6487
12	9	7	2.71	0.0419	0.2047	1511.9286
12	9	8	2.78	0.0418	0.2045	1510.3832
12	9	9	2.64	0.0417	0.2043	1509.2680
12	9	10	2.93	0.0417	0.2042	1508.4709
12	9	11	2.87	0.0417	0.2041	1507.7306
12	9	12	2.69	0.0416	0.2040	1507.0239
12	10	3	2.69	0.0424	0.2060	1521.3836
12	10	4	2.72	0.0420	0.2048	1513.0172
12	10	5	2.89	0.0417	0.2043	1508.9974
12	10	6	2.75	0.0416	0.2040	1507.0855
12	10	7	2.63	0.0415	0.2038	1505.3987
12	10	8	2.69	0.0414	0.2036	1503.7631
12	10	9	2.75	0.0414	0.2034	1502.6304
12	10	10	2.72	0.0413	0.2033	1501.7692
12	10	11	2.70	0.0413	0.2032	1500.9864
12	10	12	2.69	0.0412	0.2031	1500.2714
12	11	3	2.83	0.0422	0.2054	1517.3682
12	11	4	2.74	0.0417	0.2042	1508.5148
12	11	5	2.71	0.0415	0.2037	1504.6073
12	11	6	2.71	0.0414	0.2034	1502.3947
12	11	7	2.77	0.0413	0.2031	1500.3643
12	11	8	2.66	0.0412	0.2029	1498.6199
12	11	9	2.74	0.0411	0.2027	1497.4518
12	11	10	2.73	0.0410	0.2026	1496.5011
12	11	11	2.73	0.0410	0.2025	1495.7004
12	11	12	2.68	0.0410	0.2024	1495.0185
12	12	3	2.64	0.0420	0.2050	1514.2602
12	12	4	2.70	0.0415	0.2037	1504.8934
12	12	5	2.90	0.0413	0.2032	1500.7511
12	12	6	2.68	0.0412	0.2029	1498.5421
12	12	7	2.76	0.0410	0.2026	1496.5176
12	12	8	2.76	0.0409	0.2024	1494.7578
12	12	9	2.77	0.0409	0.2022	1493.5268
12	12	10	2.81	0.0408	0.2021	1492.5282
12	12	11	2.72	0.0408	0.2019	1491.6926
12	12	12	2.89	0.0407	0.2018	1490.9006
